0 info it worked if it ends with ok
1 verbose cli [ 'node', '/usr/local/bin/npm', 'start' ]
2 info using npm@1.4.14
3 info using node@v0.10.29
4 verbose run-script [ 'prestart', 'start', 'poststart' ]
5 info prestart Android_MagicCLI@0.0.0
6 info start Android_MagicCLI@0.0.0
7 verbose unsafe-perm in lifecycle true
8 info Android_MagicCLI@0.0.0 Failed to exec start script
9 error Android_MagicCLI@0.0.0 start: `node ./bin/www`
9 error Exit status 8
10 error Failed at the Android_MagicCLI@0.0.0 start script.
10 error This is most likely a problem with the Android_MagicCLI package,
10 error not with npm itself.
10 error Tell the author that this fails on your system:
10 error     node ./bin/www
10 error You can get their info via:
10 error     npm owner ls Android_MagicCLI
10 error There is likely additional logging output above.
11 error System Darwin 14.4.0
12 error command "node" "/usr/local/bin/npm" "start"
13 error cwd /Users/tadeckar/git/Android_MagicCLI
14 error node -v v0.10.29
15 error npm -v 1.4.14
16 error code ELIFECYCLE
17 verbose exit [ 1, true ]
